d:\ccompareapp\cresdic\debug\cresdic.pch
d:\ccompareapp\cresdic\debug\vc120.pdb
d:\ccompareapp\cresdic\debug\vc120.idb
d:\ccompareapp\cresdic\debug\stdafx.obj
d:\ccompareapp\cresdic\debug\cresdic.obj
d:\ccompareapp\cresdic\debug\dllmain.obj
d:\ccompareapp\debug\cresdic.lib
d:\ccompareapp\debug\cresdic.exp
d:\ccompareapp\debug\cresdic.ilk
d:\ccompareapp\debug\cresdic.dll
d:\ccompareapp\debug\cresdic.pdb
d:\ccompareapp\cresdic\debug\cresdic.res
d:\ccompareapp\cresdic\debug\cresdic.tlog\cl.command.1.tlog
d:\ccompareapp\cresdic\debug\cresdic.tlog\cl.read.1.tlog
d:\ccompareapp\cresdic\debug\cresdic.tlog\cl.write.1.tlog
d:\ccompareapp\cresdic\debug\cresdic.tlog\cresdic.write.1u.tlog
d:\ccompareapp\cresdic\debug\cresdic.tlog\link.command.1.tlog
d:\ccompareapp\cresdic\debug\cresdic.tlog\link.read.1.tlog
d:\ccompareapp\cresdic\debug\cresdic.tlog\link.write.1.tlog
d:\ccompareapp\cresdic\debug\cresdic.tlog\rc.command.1.tlog
d:\ccompareapp\cresdic\debug\cresdic.tlog\rc.read.1.tlog
d:\ccompareapp\cresdic\debug\cresdic.tlog\rc.write.1.tlog
